# JRE version: OpenJDK Runtime Environment Temurin-17.0.2+8 (17.0.2+8) (build 17.0.2+8)
# Java VM: OpenJDK 64-Bit Server VM Temurin-17.0.2+8 (17.0.2+8, mixed mode, tiered, compressed oops, compressed class ptrs, parallel gc, windows-amd64)
GC Precious Log:
 CPUs: 8 total, 8 available
 Memory: 7976M
 Large Page Support: Disabled
 NUMA Support: Disabled
 Compressed Oops: Enabled (32-bit)
 Alignments: Space 512K, Generation 512K, Heap 2M
 Heap Min Capacity: 100M
 Heap Initial Capacity: 100M
 Heap Max Capacity: 1G
 Pre-touch: Disabled
 Parallel Workers: 8
Heap:
 PSYoungGen      total 19456K, used 16938K [0x00000000eab00000, 0x00000000ec380000, 0x0000000100000000)
  eden space 13824K, 81% used [0x00000000eab00000,0x00000000eb60aed0,0x00000000eb880000)
  from space 5632K, 99% used [0x00000000ebe00000,0x00000000ec37fc88,0x00000000ec380000)
  to   space 5632K, 0% used [0x00000000eb880000,0x00000000eb880000,0x00000000ebe00000)
 ParOldGen       total 151552K, used 103857K [0x00000000c0000000, 0x00000000c9400000, 0x00000000eab00000)
  object space 151552K, 68% used [0x00000000c0000000,0x00000000c656c460,0x00000000c9400000)
 Metaspace       used 64084K, committed 65024K, reserved 1114112K
  class space    used 6607K, committed 7040K, reserved 1048576K
GC Heap History (20 events):
Event: 22.657 GC heap before
{Heap before GC invocations=34 (full 4):
 PSYoungGen      total 22016K, used 21840K [0x00000000eab00000, 0x00000000ec500000, 0x0000000100000000)
  eden space 18944K, 100% used [0x00000000eab00000,0x00000000ebd80000,0x00000000ebd80000)
  from space 3072K, 94% used [0x00000000ec200000,0x00000000ec4d4030,0x00000000ec500000)
  to   space 3584K, 0% used [0x00000000ebe00000,0x00000000ebe00000,0x00000000ec180000)
 ParOldGen       total 151552K, used 92882K [0x00000000c0000000, 0x00000000c9400000, 0x00000000eab00000)
  object space 151552K, 61% used [0x00000000c0000000,0x00000000c5ab4888,0x00000000c9400000)
 Metaspace       used 61382K, committed 62272K, reserved 1105920K
  class space    used 6347K, committed 6784K, reserved 1048576K
}
Event: 22.659 GC heap after
{Heap after GC invocations=34 (full 4):
 PSYoungGen      total 22528K, used 3328K [0x00000000eab00000, 0x00000000ec480000, 0x0000000100000000)
  eden space 18944K, 0% used [0x00000000eab00000,0x00000000eab00000,0x00000000ebd80000)
  from space 3584K, 92% used [0x00000000ebe00000,0x00000000ec140020,0x00000000ec180000)
  to   space 3072K, 0% used [0x00000000ec180000,0x00000000ec180000,0x00000000ec480000)
 ParOldGen       total 151552K, used 92890K [0x00000000c0000000, 0x00000000c9400000, 0x00000000eab00000)
  object space 151552K, 61% used [0x00000000c0000000,0x00000000c5ab6888,0x00000000c9400000)
 Metaspace       used 61382K, committed 62272K, reserved 1105920K
  class space    used 6347K, committed 6784K, reserved 1048576K
}
Event: 9579.759 GC heap before
{Heap before GC invocations=35 (full 4):
 PSYoungGen      total 22528K, used 22272K [0x00000000eab00000, 0x00000000ec480000, 0x0000000100000000)
  eden space 18944K, 100% used [0x00000000eab00000,0x00000000ebd80000,0x00000000ebd80000)
  from space 3584K, 92% used [0x00000000ebe00000,0x00000000ec140020,0x00000000ec180000)
  to   space 3072K, 0% used [0x00000000ec180000,0x00000000ec180000,0x00000000ec480000)
 ParOldGen       total 151552K, used 92890K [0x00000000c0000000, 0x00000000c9400000, 0x00000000eab00000)
  object space 151552K, 61% used [0x00000000c0000000,0x00000000c5ab6888,0x00000000c9400000)
 Metaspace       used 62335K, committed 63232K, reserved 1105920K
  class space    used 6458K, committed 6848K, reserved 1048576K
}
Event: 9579.766 GC heap after
{Heap after GC invocations=35 (full 4):
 PSYoungGen      total 16896K, used 3057K [0x00000000eab00000, 0x00000000ecf80000, 0x0000000100000000)
  eden space 13824K, 0% used [0x00000000eab00000,0x00000000eab00000,0x00000000eb880000)
  from space 3072K, 99% used [0x00000000ec180000,0x00000000ec47c4d8,0x00000000ec480000)
  to   space 9216K, 0% used [0x00000000eb880000,0x00000000eb880000,0x00000000ec180000)
 ParOldGen       total 151552K, used 97996K [0x00000000c0000000, 0x00000000c9400000, 0x00000000eab00000)
  object space 151552K, 64% used [0x00000000c0000000,0x00000000c5fb33c8,0x00000000c9400000)
 Metaspace       used 62335K, committed 63232K, reserved 1105920K
  class space    used 6458K, committed 6848K, reserved 1048576K
}
Event: 9580.295 GC heap before
{Heap before GC invocations=36 (full 4):
 PSYoungGen      total 16896K, used 16881K [0x00000000eab00000, 0x00000000ecf80000, 0x0000000100000000)
  eden space 13824K, 100% used [0x00000000eab00000,0x00000000eb880000,0x00000000eb880000)
  from space 3072K, 99% used [0x00000000ec180000,0x00000000ec47c4d8,0x00000000ec480000)
  to   space 9216K, 0% used [0x00000000eb880000,0x00000000eb880000,0x00000000ec180000)
 ParOldGen       total 151552K, used 97996K [0x00000000c0000000, 0x00000000c9400000, 0x00000000eab00000)
  object space 151552K, 64% used [0x00000000c0000000,0x00000000c5fb33c8,0x00000000c9400000)
 Metaspace       used 62418K, committed 63296K, reserved 1105920K
  class space    used 6459K, committed 6848K, reserved 1048576K
}
Event: 9580.299 GC heap after
{Heap after GC invocations=36 (full 4):
 PSYoungGen      total 17920K, used 3921K [0x00000000eab00000, 0x00000000ec380000, 0x0000000100000000)
  eden space 13824K, 0% used [0x00000000eab00000,0x00000000eab00000,0x00000000eb880000)
  from space 4096K, 95% used [0x00000000eb880000,0x00000000ebc544d8,0x00000000ebc80000)
  to   space 5632K, 0% used [0x00000000ebe00000,0x00000000ebe00000,0x00000000ec380000)
 ParOldGen       total 151552K, used 98410K [0x00000000c0000000, 0x00000000c9400000, 0x00000000eab00000)
  object space 151552K, 64% used [0x00000000c0000000,0x00000000c601a868,0x00000000c9400000)
 Metaspace       used 62418K, committed 63296K, reserved 1105920K
  class space    used 6459K, committed 6848K, reserved 1048576K
}
Event: 9581.740 GC heap before
{Heap before GC invocations=37 (full 4):
 PSYoungGen      total 17920K, used 17745K [0x00000000eab00000, 0x00000000ec380000, 0x0000000100000000)
  eden space 13824K, 100% used [0x00000000eab00000,0x00000000eb880000,0x00000000eb880000)
  from space 4096K, 95% used [0x00000000eb880000,0x00000000ebc544d8,0x00000000ebc80000)
  to   space 5632K, 0% used [0x00000000ebe00000,0x00000000ebe00000,0x00000000ec380000)
 ParOldGen       total 151552K, used 98410K [0x00000000c0000000, 0x00000000c9400000, 0x00000000eab00000)
  object space 151552K, 64% used [0x00000000c0000000,0x00000000c601a868,0x00000000c9400000)
 Metaspace       used 62509K, committed 63360K, reserved 1105920K
  class space    used 6459K, committed 6848K, reserved 1048576K
}
Event: 9581.742 GC heap after
{Heap after GC invocations=37 (full 4):
 PSYoungGen      total 18944K, used 4657K [0x00000000eab00000, 0x00000000ec300000, 0x0000000100000000)
  eden space 13824K, 0% used [0x00000000eab00000,0x00000000eab00000,0x00000000eb880000)
  from space 5120K, 90% used [0x00000000ebe00000,0x00000000ec28c4f8,0x00000000ec300000)
  to   space 5120K, 0% used [0x00000000eb900000,0x00000000eb900000,0x00000000ebe00000)
 ParOldGen       total 151552K, used 98418K [0x00000000c0000000, 0x00000000c9400000, 0x00000000eab00000)
  object space 151552K, 64% used [0x00000000c0000000,0x00000000c601c868,0x00000000c9400000)
 Metaspace       used 62509K, committed 63360K, reserved 1105920K
  class space    used 6459K, committed 6848K, reserved 1048576K
}
Event: 9581.974 GC heap before
{Heap before GC invocations=38 (full 4):
 PSYoungGen      total 18944K, used 18481K [0x00000000eab00000, 0x00000000ec300000, 0x0000000100000000)
  eden space 13824K, 100% used [0x00000000eab00000,0x00000000eb880000,0x00000000eb880000)
  from space 5120K, 90% used [0x00000000ebe00000,0x00000000ec28c4f8,0x00000000ec300000)
  to   space 5120K, 0% used [0x00000000eb900000,0x00000000eb900000,0x00000000ebe00000)
 ParOldGen       total 151552K, used 98418K [0x00000000c0000000, 0x00000000c9400000, 0x00000000eab00000)
  object space 151552K, 64% used [0x00000000c0000000,0x00000000c601c868,0x00000000c9400000)
 Metaspace       used 62549K, committed 63424K, reserved 1114112K
  class space    used 6459K, committed 6848K, reserved 1048576K
}
Event: 9581.980 GC heap after
{Heap after GC invocations=38 (full 4):
 PSYoungGen      total 18944K, used 5089K [0x00000000eab00000, 0x00000000ec680000, 0x0000000100000000)
  eden space 13824K, 0% used [0x00000000eab00000,0x00000000eab00000,0x00000000eb880000)
  from space 5120K, 99% used [0x00000000eb900000,0x00000000ebdf84e8,0x00000000ebe00000)
  to   space 7168K, 0% used [0x00000000ebf80000,0x00000000ebf80000,0x00000000ec680000)
 ParOldGen       total 151552K, used 99738K [0x00000000c0000000, 0x00000000c9400000, 0x00000000eab00000)
  object space 151552K, 65% used [0x00000000c0000000,0x00000000c6166bc8,0x00000000c9400000)
 Metaspace       used 62549K, committed 63424K, reserved 1114112K
  class space    used 6459K, committed 6848K, reserved 1048576K
}
Event: 9638.020 GC heap before
{Heap before GC invocations=39 (full 4):
 PSYoungGen      total 18944K, used 18913K [0x00000000eab00000, 0x00000000ec680000, 0x0000000100000000)
  eden space 13824K, 100% used [0x00000000eab00000,0x00000000eb880000,0x00000000eb880000)
  from space 5120K, 99% used [0x00000000eb900000,0x00000000ebdf84e8,0x00000000ebe00000)
  to   space 7168K, 0% used [0x00000000ebf80000,0x00000000ebf80000,0x00000000ec680000)
 ParOldGen       total 151552K, used 99738K [0x00000000c0000000, 0x00000000c9400000, 0x00000000eab00000)
  object space 151552K, 65% used [0x00000000c0000000,0x00000000c6166bc8,0x00000000c9400000)
 Metaspace       used 63166K, committed 64064K, reserved 1114112K
  class space    used 6522K, committed 6912K, reserved 1048576K
}
Event: 9638.024 GC heap after
{Heap after GC invocations=39 (full 4):
 PSYoungGen      total 19968K, used 5790K [0x00000000eab00000, 0x00000000ec580000, 0x0000000100000000)
  eden space 13824K, 0% used [0x00000000eab00000,0x00000000eab00000,0x00000000eb880000)
  from space 6144K, 94% used [0x00000000ebf80000,0x00000000ec527990,0x00000000ec580000)
  to   space 6144K, 0% used [0x00000000eb980000,0x00000000eb980000,0x00000000ebf80000)
 ParOldGen       total 151552K, used 100327K [0x00000000c0000000, 0x00000000c9400000, 0x00000000eab00000)
  object space 151552K, 66% used [0x00000000c0000000,0x00000000c61f9ef8,0x00000000c9400000)
 Metaspace       used 63166K, committed 64064K, reserved 1114112K
  class space    used 6522K, committed 6912K, reserved 1048576K
}
Event: 9670.622 GC heap before
{Heap before GC invocations=40 (full 4):
 PSYoungGen      total 19968K, used 19614K [0x00000000eab00000, 0x00000000ec580000, 0x0000000100000000)
  eden space 13824K, 100% used [0x00000000eab00000,0x00000000eb880000,0x00000000eb880000)
  from space 6144K, 94% used [0x00000000ebf80000,0x00000000ec527990,0x00000000ec580000)
  to   space 6144K, 0% used [0x00000000eb980000,0x00000000eb980000,0x00000000ebf80000)
 ParOldGen       total 151552K, used 100327K [0x00000000c0000000, 0x00000000c9400000, 0x00000000eab00000)
  object space 151552K, 66% used [0x00000000c0000000,0x00000000c61f9ef8,0x00000000c9400000)
 Metaspace       used 63782K, committed 64704K, reserved 1114112K
  class space    used 6605K, committed 7040K, reserved 1048576K
}
Event: 9670.626 GC heap after
{Heap after GC invocations=40 (full 4):
 PSYoungGen      total 19968K, used 6112K [0x00000000eab00000, 0x00000000ec680000, 0x0000000100000000)
  eden space 13824K, 0% used [0x00000000eab00000,0x00000000eab00000,0x00000000eb880000)
  from space 6144K, 99% used [0x00000000eb980000,0x00000000ebf78110,0x00000000ebf80000)
  to   space 7168K, 0% used [0x00000000ebf80000,0x00000000ebf80000,0x00000000ec680000)
 ParOldGen       total 151552K, used 101133K [0x00000000c0000000, 0x00000000c9400000, 0x00000000eab00000)
  object space 151552K, 66% used [0x00000000c0000000,0x00000000c62c37e8,0x00000000c9400000)
 Metaspace       used 63782K, committed 64704K, reserved 1114112K
  class space    used 6605K, committed 7040K, reserved 1048576K
}
Event: 9670.839 GC heap before
{Heap before GC invocations=41 (full 4):
 PSYoungGen      total 19968K, used 19936K [0x00000000eab00000, 0x00000000ec680000, 0x0000000100000000)
  eden space 13824K, 100% used [0x00000000eab00000,0x00000000eb880000,0x00000000eb880000)
  from space 6144K, 99% used [0x00000000eb980000,0x00000000ebf78110,0x00000000ebf80000)
  to   space 7168K, 0% used [0x00000000ebf80000,0x00000000ebf80000,0x00000000ec680000)
 ParOldGen       total 151552K, used 101133K [0x00000000c0000000, 0x00000000c9400000, 0x00000000eab00000)
  object space 151552K, 66% used [0x00000000c0000000,0x00000000c62c37e8,0x00000000c9400000)
 Metaspace       used 63813K, committed 64768K, reserved 1114112K
  class space    used 6605K, committed 7040K, reserved 1048576K
}
Event: 9670.845 GC heap after
{Heap after GC invocations=41 (full 4):
 PSYoungGen      total 19968K, used 6048K [0x00000000eab00000, 0x00000000ec580000, 0x0000000100000000)
  eden space 13824K, 0% used [0x00000000eab00000,0x00000000eab00000,0x00000000eb880000)
  from space 6144K, 98% used [0x00000000ebf80000,0x00000000ec568020,0x00000000ec580000)
  to   space 6656K, 0% used [0x00000000eb880000,0x00000000eb880000,0x00000000ebf00000)
 ParOldGen       total 151552K, used 103209K [0x00000000c0000000, 0x00000000c9400000, 0x00000000eab00000)
  object space 151552K, 68% used [0x00000000c0000000,0x00000000c64ca5d0,0x00000000c9400000)
 Metaspace       used 63813K, committed 64768K, reserved 1114112K
  class space    used 6605K, committed 7040K, reserved 1048576K
}
Event: 9672.121 GC heap before
{Heap before GC invocations=42 (full 4):
 PSYoungGen      total 19968K, used 19872K [0x00000000eab00000, 0x00000000ec580000, 0x0000000100000000)
  eden space 13824K, 100% used [0x00000000eab00000,0x00000000eb880000,0x00000000eb880000)
  from space 6144K, 98% used [0x00000000ebf80000,0x00000000ec568020,0x00000000ec580000)
  to   space 6656K, 0% used [0x00000000eb880000,0x00000000eb880000,0x00000000ebf00000)
 ParOldGen       total 151552K, used 103209K [0x00000000c0000000, 0x00000000c9400000, 0x00000000eab00000)
  object space 151552K, 68% used [0x00000000c0000000,0x00000000c64ca5d0,0x00000000c9400000)
 Metaspace       used 63933K, committed 64832K, reserved 1114112K
  class space    used 6605K, committed 7040K, reserved 1048576K
}
Event: 9672.128 GC heap after
{Heap after GC invocations=42 (full 4):
 PSYoungGen      total 19456K, used 5167K [0x00000000eab00000, 0x00000000ec380000, 0x0000000100000000)
  eden space 13824K, 0% used [0x00000000eab00000,0x00000000eab00000,0x00000000eb880000)
  from space 5632K, 91% used [0x00000000eb880000,0x00000000ebd8bc78,0x00000000ebe00000)
  to   space 5632K, 0% used [0x00000000ebe00000,0x00000000ebe00000,0x00000000ec380000)
 ParOldGen       total 151552K, used 103217K [0x00000000c0000000, 0x00000000c9400000, 0x00000000eab00000)
  object space 151552K, 68% used [0x00000000c0000000,0x00000000c64cc5d0,0x00000000c9400000)
 Metaspace       used 63933K, committed 64832K, reserved 1114112K
  class space    used 6605K, committed 7040K, reserved 1048576K
}
Event: 9673.356 GC heap before
{Heap before GC invocations=43 (full 4):
 PSYoungGen      total 19456K, used 18991K [0x00000000eab00000, 0x00000000ec380000, 0x0000000100000000)
  eden space 13824K, 100% used [0x00000000eab00000,0x00000000eb880000,0x00000000eb880000)
  from space 5632K, 91% used [0x00000000eb880000,0x00000000ebd8bc78,0x00000000ebe00000)
  to   space 5632K, 0% used [0x00000000ebe00000,0x00000000ebe00000,0x00000000ec380000)
 ParOldGen       total 151552K, used 103217K [0x00000000c0000000, 0x00000000c9400000, 0x00000000eab00000)
  object space 151552K, 68% used [0x00000000c0000000,0x00000000c64cc5d0,0x00000000c9400000)
 Metaspace       used 64022K, committed 64960K, reserved 1114112K
  class space    used 6607K, committed 7040K, reserved 1048576K
}
Event: 9673.359 GC heap after
{Heap after GC invocations=43 (full 4):
 PSYoungGen      total 19456K, used 5631K [0x00000000eab00000, 0x00000000ec380000, 0x0000000100000000)
  eden space 13824K, 0% used [0x00000000eab00000,0x00000000eab00000,0x00000000eb880000)
  from space 5632K, 99% used [0x00000000ebe00000,0x00000000ec37fc88,0x00000000ec380000)
  to   space 5632K, 0% used [0x00000000eb880000,0x00000000eb880000,0x00000000ebe00000)
 ParOldGen       total 151552K, used 103857K [0x00000000c0000000, 0x00000000c9400000, 0x00000000eab00000)
  object space 151552K, 68% used [0x00000000c0000000,0x00000000c656c460,0x00000000c9400000)
 Metaspace       used 64022K, committed 64960K, reserved 1114112K
  class space    used 6607K, committed 7040K, reserved 1048576K
}

